<?xml version="1.0" encoding="UTF-8"?>
<!-- Generated by org.testng.reporters.JUnitXMLReporter -->
<testsuite hostname="IEC02N926BG3QT" ignored="0" name="Default test" tests="1" failures="1" timestamp="29 Mar 2018 15:29:22 GMT" time="80.332" errors="0">
  <testcase name="PhotoVidFav" time="80.302" classname="testcases.PhotosAndVideo">
    <failure type="org.openqa.selenium.TimeoutException" message="Expected condition failed: waiting for visibility of element located by By.xpath: //android.widget.TextView[@text = &amp;apos;All&amp;apos;] (tried for 30 second(s) with 500 MILLISECONDS interval)">
      <![CDATA[org.openqa.selenium.TimeoutException: Expected condition failed: waiting for visibility of element located by By.xpath: //android.widget.TextView[@text = 'All'] (tried for 30 second(s) with 500 MILLISECONDS interval)at org.openqa.selenium.support.ui.WebDriverWait.timeoutException(WebDriverWait.java:82)at org.openqa.selenium.support.ui.FluentWait.until(FluentWait.java:231)at objectrepository.CommonMethods.Xpath(CommonMethods.java:33)at testcases.PhotosAndVideo.PhotoVidFav(PhotosAndVideo.java:182)at sun.reflect.NativeMethodAccessorImpl.invoke0(Native Method)at sun.reflect.NativeMethodAccessorImpl.invoke(NativeMethodAccessorImpl.java:62)at sun.reflect.DelegatingMethodAccessorImpl.invoke(DelegatingMethodAccessorImpl.java:43)at java.lang.reflect.Method.invoke(Method.java:483)at org.testng.internal.MethodInvocationHelper.invokeMethod(MethodInvocationHelper.java:124)at org.testng.internal.Invoker.invokeMethod(Invoker.java:571)at org.testng.internal.Invoker.invokeTestMethod(Invoker.java:707)at org.testng.internal.Invoker.invokeTestMethods(Invoker.java:979)at org.testng.internal.TestMethodWorker.invokeTestMethods(TestMethodWorker.java:125)at org.testng.internal.TestMethodWorker.run(TestMethodWorker.java:109)at org.testng.TestRunner.privateRun(TestRunner.java:648)at org.testng.TestRunner.run(TestRunner.java:505)at org.testng.SuiteRunner.runTest(SuiteRunner.java:455)at org.testng.SuiteRunner.runSequentially(SuiteRunner.java:450)at org.testng.SuiteRunner.privateRun(SuiteRunner.java:415)at org.testng.SuiteRunner.run(SuiteRunner.java:364)at org.testng.SuiteRunnerWorker.runSuite(SuiteRunnerWorker.java:52)at org.testng.SuiteRunnerWorker.run(SuiteRunnerWorker.java:84)at org.testng.TestNG.runSuitesSequentially(TestNG.java:1187)at org.testng.TestNG.runSuitesLocally(TestNG.java:1116)at org.testng.TestNG.runSuites(TestNG.java:1028)at org.testng.TestNG.run(TestNG.java:996)at org.testng.remote.AbstractRemoteTestNG.run(AbstractRemoteTestNG.java:114)at org.testng.remote.RemoteTestNG.initAndRun(RemoteTestNG.java:251)at org.testng.remote.RemoteTestNG.main(RemoteTestNG.java:77)Caused by: org.openqa.selenium.NoSuchElementException: Cannot locate an element using By.xpath: //android.widget.TextView[@text = 'All']For documentation on this error, please visit: http://seleniumhq.org/exceptions/no_such_element.htmlBuild info: version: '3.8.1', revision: '6e95a6684b', time: '2017-12-01T18:33:54.468Z'System info: host: 'IEC02N926BG3QT', ip: 'fe80:0:0:0:14b0:f606:40ea:7e9b%en0', os.name: 'Mac OS X', os.arch: 'x86_64', os.version: '10.13.1', java.version: '1.8.0_25'Driver info: driver.version: unknownat org.openqa.selenium.support.ui.ExpectedConditions.lambda$findElement$0(ExpectedConditions.java:882)at org.openqa.selenium.support.ui.ExpectedConditions$$Lambda$124/1383519982.get(Unknown Source)at java.util.Optional.orElseThrow(Optional.java:290)at org.openqa.selenium.support.ui.ExpectedConditions.findElement(ExpectedConditions.java:881)at org.openqa.selenium.support.ui.ExpectedConditions.access$000(ExpectedConditions.java:43)at org.openqa.selenium.support.ui.ExpectedConditions$7.apply(ExpectedConditions.java:205)at org.openqa.selenium.support.ui.ExpectedConditions$7.apply(ExpectedConditions.java:201)at org.openqa.selenium.support.ui.FluentWait.until(FluentWait.java:208)... 27 more]]>
    </failure>
  </testcase> <!-- PhotoVidFav -->
</testsuite> <!-- Default test -->
