<?xml version="1.0" encoding="UTF-8"?>
<!-- Generated by org.testng.reporters.JUnitXMLReporter -->
<testsuite hostname="IEC02N926BG3QT" ignored="2" name="Smoke Testcases" tests="5" failures="1" timestamp="08 Jun 2018 16:16:04 GMT" time="242.02" errors="0">
  <testcase name="PhotoVidDelete" time="48.611" classname="testcases.PhotosAndVideo"/>
  <testcase name="Fullview" time="35.317" classname="testcases.PhotosAndVideo"/>
  <testcase name="Info" time="36.111" classname="testcases.PhotosAndVideo"/>
  <testcase name="DocumentsSort" time="55.844" classname="testcases.Documents"/>
  <testcase name="DocumentsCopyShareLink" time="66.098" classname="testcases.Documents">
    <failure type="org.openqa.selenium.TimeoutException" message="Expected condition failed: waiting for visibility of element located by By.xpath: //android.widget.ImageView[@content-desc = &amp;apos;OVERFLOW&amp;apos;] (tried for 30 second(s) with 500 MILLISECONDS interval)">
      <![CDATA[org.openqa.selenium.TimeoutException: Expected condition failed: waiting for visibility of element located by By.xpath: //android.widget.ImageView[@content-desc = 'OVERFLOW'] (tried for 30 second(s) with 500 MILLISECONDS interval)
at org.openqa.selenium.support.ui.WebDriverWait.timeoutException(WebDriverWait.java:82)
at org.openqa.selenium.support.ui.FluentWait.until(FluentWait.java:231)
at objectrepository.CommonMethods.WaitForIt(CommonMethods.java:140)
at objectrepository.CommonMethods.Xpath(CommonMethods.java:146)
at testcases.Documents.DocumentsCopyShareLink(Documents.java:112)
Caused by: org.openqa.selenium.NoSuchElementException: Cannot locate an element using By.xpath: //android.widget.ImageView[@content-desc = 'OVERFLOW']
For documentation on this error, please visit: http://seleniumhq.org/exceptions/no_such_element.html
Build info: version: '3.8.1', revision: '6e95a6684b', time: '2017-12-01T18:33:54.468Z'
System info: host: 'IEC02N926BG3QT', ip: 'fe80:0:0:0:c50:abc3:b758:4f6f%en0', os.name: 'Mac OS X', os.arch: 'x86_64', os.version: '10.13.1', java.version: '1.8.0_25'
Driver info: driver.version: unknown
at org.openqa.selenium.support.ui.ExpectedConditions.lambda$findElement$0(ExpectedConditions.java:882)
at org.openqa.selenium.support.ui.ExpectedConditions$$Lambda$124/1681920301.get(Unknown Source)
at java.util.Optional.orElseThrow(Optional.java:290)
at org.openqa.selenium.support.ui.ExpectedConditions.findElement(ExpectedConditions.java:881)
at org.openqa.selenium.support.ui.ExpectedConditions.access$000(ExpectedConditions.java:43)
at org.openqa.selenium.support.ui.ExpectedConditions$7.apply(ExpectedConditions.java:205)
at org.openqa.selenium.support.ui.ExpectedConditions$7.apply(ExpectedConditions.java:201)
at org.openqa.selenium.support.ui.FluentWait.until(FluentWait.java:208)
... 32 more
... Removed 29 stack frames]]>
    </failure>
  </testcase> <!-- DocumentsCopyShareLink -->
  <testcase name="CreateAlbums" time="0.0" classname="testcases.PhotosAndVideo">
    <ignored/>
  </testcase> <!-- CreateAlbums -->
  <testcase name="DocInfo" time="0.0" classname="testcases.Documents">
    <ignored/>
  </testcase> <!-- DocInfo -->
</testsuite> <!-- Smoke Testcases -->
