<?xml version="1.0" encoding="UTF-8"?>
<testng-results skipped="0" failed="3" ignored="0" total="11" passed="8">
  <reporter-output>
  </reporter-output>
  <suite name="Default suite" duration-ms="742726" started-at="2018-08-10T14:28:51Z" finished-at="2018-08-10T14:41:14Z">
    <groups>
    </groups>
    <test name="Default test" duration-ms="742726" started-at="2018-08-10T14:28:51Z" finished-at="2018-08-10T14:41:14Z">
      <class name="testcases.PhotosAndVideo">
        <test-method status="PASS" signature="AppState()[pri:0, instance:testcases.PhotosAndVideo@57536d79]" name="AppState" is-config="true" duration-ms="32579" started-at="2018-08-10T15:28:51Z" finished-at="2018-08-10T15:29:23Z">
          <reporter-output>
          </reporter-output>
        </test-method> <!-- AppState -->
        <test-method status="PASS" signature="CreateAlbums()[pri:0, instance:testcases.PhotosAndVideo@57536d79]" name="CreateAlbums" duration-ms="55683" started-at="2018-08-10T15:29:23Z" finished-at="2018-08-10T15:30:19Z">
          <reporter-output>
          </reporter-output>
        </test-method> <!-- CreateAlbums -->
        <test-method status="PASS" signature="AppState()[pri:0, instance:testcases.PhotosAndVideo@57536d79]" name="AppState" is-config="true" duration-ms="30307" started-at="2018-08-10T15:30:19Z" finished-at="2018-08-10T15:30:49Z">
          <reporter-output>
          </reporter-output>
        </test-method> <!-- AppState -->
        <test-method status="PASS" signature="Fullview()[pri:0, instance:testcases.PhotosAndVideo@57536d79]" name="Fullview" duration-ms="10525" started-at="2018-08-10T15:30:49Z" finished-at="2018-08-10T15:31:00Z">
          <reporter-output>
          </reporter-output>
        </test-method> <!-- Fullview -->
        <test-method status="PASS" signature="AppState()[pri:0, instance:testcases.PhotosAndVideo@57536d79]" name="AppState" is-config="true" duration-ms="27572" started-at="2018-08-10T15:31:00Z" finished-at="2018-08-10T15:31:28Z">
          <reporter-output>
          </reporter-output>
        </test-method> <!-- AppState -->
        <test-method status="PASS" signature="Info()[pri:0, instance:testcases.PhotosAndVideo@57536d79]" name="Info" duration-ms="9456" started-at="2018-08-10T15:31:28Z" finished-at="2018-08-10T15:31:37Z">
          <reporter-output>
          </reporter-output>
        </test-method> <!-- Info -->
        <test-method status="PASS" signature="AppState()[pri:0, instance:testcases.PhotosAndVideo@57536d79]" name="AppState" is-config="true" duration-ms="28423" started-at="2018-08-10T15:31:37Z" finished-at="2018-08-10T15:32:05Z">
          <reporter-output>
          </reporter-output>
        </test-method> <!-- AppState -->
        <test-method status="PASS" signature="LaunchVideo()[pri:0, instance:testcases.PhotosAndVideo@57536d79]" name="LaunchVideo" duration-ms="15930" started-at="2018-08-10T15:32:05Z" finished-at="2018-08-10T15:32:21Z">
          <reporter-output>
          </reporter-output>
        </test-method> <!-- LaunchVideo -->
        <test-method status="PASS" signature="AppState()[pri:0, instance:testcases.PhotosAndVideo@57536d79]" name="AppState" is-config="true" duration-ms="27549" started-at="2018-08-10T15:32:21Z" finished-at="2018-08-10T15:32:49Z">
          <reporter-output>
          </reporter-output>
        </test-method> <!-- AppState -->
        <test-method status="FAIL" signature="PhotoVidDelete()[pri:0, instance:testcases.PhotosAndVideo@57536d79]" name="PhotoVidDelete" duration-ms="7997" started-at="2018-08-10T15:32:49Z" finished-at="2018-08-10T15:32:57Z">
          <exception class="org.openqa.selenium.NoSuchElementException">
            <message>
              <![CDATA[An element could not be located on the page using the given search parameters. (WARNING: The server did not provide any stacktrace information)
Command duration or timeout: 0 milliseconds
For documentation on this error, please visit: http://seleniumhq.org/exceptions/no_such_element.html
Build info: version: '3.13.0', revision: '2f0d292', time: '2018-06-25T15:24:21.231Z'
System info: host: 'IEC02N926BG3QT', ip: 'fe80:0:0:0:1480:349:de4a:f301%en0', os.name: 'Mac OS X', os.arch: 'x86_64', os.version: '10.13.1', java.version: '1.8.0_25'
Driver info: io.appium.java_client.android.AndroidDriver
Capabilities {appActivity: com.newbay.syncdrive.androi..., appPackage: com.vcast.mediamanager, autoDismissAlerts: true, autoGrantPermissions: true, automationName: uiautomator2, deviceName: Android Device, javascriptEnabled: true, newCommandTimeout: 100, noReset: true, platform: ANDROID, platformName: Android}
Session ID: 6af43e11-f958-40c1-8f76-0e4123fd9959
*** Element info: {Using=xpath, value=//android.widget.ImageView[@index = '3' and @resource-id='com.vcast.mediamanager:id/icon']}]]>
            </message>
            <full-stacktrace>
              <![CDATA[org.openqa.selenium.NoSuchElementException: An element could not be located on the page using the given search parameters. (WARNING: The server did not provide any stacktrace information)
Command duration or timeout: 0 milliseconds
For documentation on this error, please visit: http://seleniumhq.org/exceptions/no_such_element.html
Build info: version: '3.13.0', revision: '2f0d292', time: '2018-06-25T15:24:21.231Z'
System info: host: 'IEC02N926BG3QT', ip: 'fe80:0:0:0:1480:349:de4a:f301%en0', os.name: 'Mac OS X', os.arch: 'x86_64', os.version: '10.13.1', java.version: '1.8.0_25'
Driver info: io.appium.java_client.android.AndroidDriver
Capabilities {appActivity: com.newbay.syncdrive.androi..., appPackage: com.vcast.mediamanager, autoDismissAlerts: true, autoGrantPermissions: true, automationName: uiautomator2, deviceName: Android Device, javascriptEnabled: true, newCommandTimeout: 100, noReset: true, platform: ANDROID, platformName: Android}
Session ID: 6af43e11-f958-40c1-8f76-0e4123fd9959
*** Element info: {Using=xpath, value=//android.widget.ImageView[@index = '3' and @resource-id='com.vcast.mediamanager:id/icon']}
	at sun.reflect.NativeConstructorAccessorImpl.newInstance0(Native Method)
	at sun.reflect.NativeConstructorAccessorImpl.newInstance(NativeConstructorAccessorImpl.java:62)
	at sun.reflect.DelegatingConstructorAccessorImpl.newInstance(DelegatingConstructorAccessorImpl.java:45)
	at java.lang.reflect.Constructor.newInstance(Constructor.java:408)
	at org.openqa.selenium.remote.ErrorHandler.createThrowable(ErrorHandler.java:214)
	at org.openqa.selenium.remote.ErrorHandler.throwIfResponseFailed(ErrorHandler.java:166)
	at org.openqa.selenium.remote.http.JsonHttpResponseCodec.reconstructValue(JsonHttpResponseCodec.java:40)
	at org.openqa.selenium.remote.http.AbstractHttpResponseCodec.decode(AbstractHttpResponseCodec.java:80)
	at org.openqa.selenium.remote.http.AbstractHttpResponseCodec.decode(AbstractHttpResponseCodec.java:44)
	at org.openqa.selenium.remote.HttpCommandExecutor.execute(HttpCommandExecutor.java:158)
	at io.appium.java_client.remote.AppiumCommandExecutor.execute(AppiumCommandExecutor.java:231)
	at org.openqa.selenium.remote.RemoteWebDriver.execute(RemoteWebDriver.java:548)
	at io.appium.java_client.DefaultGenericMobileDriver.execute(DefaultGenericMobileDriver.java:42)
	at io.appium.java_client.AppiumDriver.execute(AppiumDriver.java:1)
	at io.appium.java_client.android.AndroidDriver.execute(AndroidDriver.java:1)
	at org.openqa.selenium.remote.RemoteWebDriver.findElement(RemoteWebDriver.java:322)
	at io.appium.java_client.DefaultGenericMobileDriver.findElement(DefaultGenericMobileDriver.java:62)
	at io.appium.java_client.AppiumDriver.findElement(AppiumDriver.java:1)
	at io.appium.java_client.android.AndroidDriver.findElement(AndroidDriver.java:1)
	at org.openqa.selenium.remote.RemoteWebDriver.findElementByXPath(RemoteWebDriver.java:424)
	at io.appium.java_client.DefaultGenericMobileDriver.findElementByXPath(DefaultGenericMobileDriver.java:152)
	at io.appium.java_client.AppiumDriver.findElementByXPath(AppiumDriver.java:1)
	at io.appium.java_client.android.AndroidDriver.findElementByXPath(AndroidDriver.java:1)
	at objectrepository.CommonMethods.multiSelect(CommonMethods.java:366)
	at testcases.PhotosAndVideo.PhotoVidDelete(PhotosAndVideo.java:191)
	at sun.reflect.NativeMethodAccessorImpl.invoke0(Native Method)
	at sun.reflect.NativeMethodAccessorImpl.invoke(NativeMethodAccessorImpl.java:62)
	at sun.reflect.DelegatingMethodAccessorImpl.invoke(DelegatingMethodAccessorImpl.java:43)
	at java.lang.reflect.Method.invoke(Method.java:483)
	at org.testng.internal.MethodInvocationHelper.invokeMethod(MethodInvocationHelper.java:108)
	at org.testng.internal.Invoker.invokeMethod(Invoker.java:669)
	at org.testng.internal.Invoker.invokeTestMethod(Invoker.java:877)
	at org.testng.internal.Invoker.invokeTestMethods(Invoker.java:1201)
	at org.testng.internal.TestMethodWorker.invokeTestMethods(TestMethodWorker.java:125)
	at org.testng.internal.TestMethodWorker.run(TestMethodWorker.java:109)
	at org.testng.TestRunner.privateRun(TestRunner.java:776)
	at org.testng.TestRunner.run(TestRunner.java:634)
	at org.testng.SuiteRunner.runTest(SuiteRunner.java:425)
	at org.testng.SuiteRunner.runSequentially(SuiteRunner.java:420)
	at org.testng.SuiteRunner.privateRun(SuiteRunner.java:385)
	at org.testng.SuiteRunner.run(SuiteRunner.java:334)
	at org.testng.SuiteRunnerWorker.runSuite(SuiteRunnerWorker.java:52)
	at org.testng.SuiteRunnerWorker.run(SuiteRunnerWorker.java:86)
	at org.testng.TestNG.runSuitesSequentially(TestNG.java:1318)
	at org.testng.TestNG.runSuitesLocally(TestNG.java:1243)
	at org.testng.TestNG.runSuites(TestNG.java:1161)
	at org.testng.TestNG.run(TestNG.java:1129)
	at org.testng.remote.AbstractRemoteTestNG.run(AbstractRemoteTestNG.java:114)
	at org.testng.remote.RemoteTestNG.initAndRun(RemoteTestNG.java:251)
	at org.testng.remote.RemoteTestNG.main(RemoteTestNG.java:77)
]]>
            </full-stacktrace>
          </exception> <!-- org.openqa.selenium.NoSuchElementException -->
          <reporter-output>
          </reporter-output>
        </test-method> <!-- PhotoVidDelete -->
        <test-method status="PASS" signature="AppState()[pri:0, instance:testcases.PhotosAndVideo@57536d79]" name="AppState" is-config="true" duration-ms="27968" started-at="2018-08-10T15:32:57Z" finished-at="2018-08-10T15:33:25Z">
          <reporter-output>
          </reporter-output>
        </test-method> <!-- AppState -->
        <test-method status="FAIL" signature="PhotoVidDownload()[pri:0, instance:testcases.PhotosAndVideo@57536d79]" name="PhotoVidDownload" duration-ms="40343" started-at="2018-08-10T15:33:25Z" finished-at="2018-08-10T15:34:05Z">
          <exception class="org.openqa.selenium.TimeoutException">
            <message>
              <![CDATA[Expected condition failed: waiting for visibility of element located by By.xpath: //android.widget.TextView[@text ='Download complete'] (tried for 30 second(s) with 500 milliseconds interval)]]>
            </message>
            <full-stacktrace>
              <![CDATA[org.openqa.selenium.TimeoutException: Expected condition failed: waiting for visibility of element located by By.xpath: //android.widget.TextView[@text ='Download complete'] (tried for 30 second(s) with 500 milliseconds interval)
	at org.openqa.selenium.support.ui.WebDriverWait.timeoutException(WebDriverWait.java:81)
	at org.openqa.selenium.support.ui.FluentWait.until(FluentWait.java:271)
	at objectrepository.CommonMethods.WaitForIt(CommonMethods.java:72)
	at objectrepository.CommonMethods.AssertXpathExists(CommonMethods.java:419)
	at testcases.PhotosAndVideo.PhotoVidDownload(PhotosAndVideo.java:176)
	at sun.reflect.NativeMethodAccessorImpl.invoke0(Native Method)
	at sun.reflect.NativeMethodAccessorImpl.invoke(NativeMethodAccessorImpl.java:62)
	at sun.reflect.DelegatingMethodAccessorImpl.invoke(DelegatingMethodAccessorImpl.java:43)
	at java.lang.reflect.Method.invoke(Method.java:483)
	at org.testng.internal.MethodInvocationHelper.invokeMethod(MethodInvocationHelper.java:108)
	at org.testng.internal.Invoker.invokeMethod(Invoker.java:669)
	at org.testng.internal.Invoker.invokeTestMethod(Invoker.java:877)
	at org.testng.internal.Invoker.invokeTestMethods(Invoker.java:1201)
	at org.testng.internal.TestMethodWorker.invokeTestMethods(TestMethodWorker.java:125)
	at org.testng.internal.TestMethodWorker.run(TestMethodWorker.java:109)
	at org.testng.TestRunner.privateRun(TestRunner.java:776)
	at org.testng.TestRunner.run(TestRunner.java:634)
	at org.testng.SuiteRunner.runTest(SuiteRunner.java:425)
	at org.testng.SuiteRunner.runSequentially(SuiteRunner.java:420)
	at org.testng.SuiteRunner.privateRun(SuiteRunner.java:385)
	at org.testng.SuiteRunner.run(SuiteRunner.java:334)
	at org.testng.SuiteRunnerWorker.runSuite(SuiteRunnerWorker.java:52)
	at org.testng.SuiteRunnerWorker.run(SuiteRunnerWorker.java:86)
	at org.testng.TestNG.runSuitesSequentially(TestNG.java:1318)
	at org.testng.TestNG.runSuitesLocally(TestNG.java:1243)
	at org.testng.TestNG.runSuites(TestNG.java:1161)
	at org.testng.TestNG.run(TestNG.java:1129)
	at org.testng.remote.AbstractRemoteTestNG.run(AbstractRemoteTestNG.java:114)
	at org.testng.remote.RemoteTestNG.initAndRun(RemoteTestNG.java:251)
	at org.testng.remote.RemoteTestNG.main(RemoteTestNG.java:77)
Caused by: org.openqa.selenium.NoSuchElementException: Cannot locate an element using By.xpath: //android.widget.TextView[@text ='Download complete']
For documentation on this error, please visit: http://seleniumhq.org/exceptions/no_such_element.html
Build info: version: '3.13.0', revision: '2f0d292', time: '2018-06-25T15:24:21.231Z'
System info: host: 'IEC02N926BG3QT', ip: 'fe80:0:0:0:1480:349:de4a:f301%en0', os.name: 'Mac OS X', os.arch: 'x86_64', os.version: '10.13.1', java.version: '1.8.0_25'
Driver info: driver.version: unknown
	at org.openqa.selenium.support.ui.ExpectedConditions.lambda$findElement$0(ExpectedConditions.java:896)
	at org.openqa.selenium.support.ui.ExpectedConditions$$Lambda$209/1222768327.get(Unknown Source)
	at java.util.Optional.orElseThrow(Optional.java:290)
	at org.openqa.selenium.support.ui.ExpectedConditions.findElement(ExpectedConditions.java:895)
	at org.openqa.selenium.support.ui.ExpectedConditions.access$000(ExpectedConditions.java:44)
	at org.openqa.selenium.support.ui.ExpectedConditions$7.apply(ExpectedConditions.java:206)
	at org.openqa.selenium.support.ui.ExpectedConditions$7.apply(ExpectedConditions.java:202)
	at org.openqa.selenium.support.ui.FluentWait.until(FluentWait.java:248)
	... 28 more
]]>
            </full-stacktrace>
          </exception> <!-- org.openqa.selenium.TimeoutException -->
          <reporter-output>
          </reporter-output>
        </test-method> <!-- PhotoVidDownload -->
        <test-method status="PASS" signature="AppState()[pri:0, instance:testcases.PhotosAndVideo@57536d79]" name="AppState" is-config="true" duration-ms="28399" started-at="2018-08-10T15:34:05Z" finished-at="2018-08-10T15:34:34Z">
          <reporter-output>
          </reporter-output>
        </test-method> <!-- AppState -->
        <test-method status="PASS" signature="FavExist()[pri:0, instance:testcases.PhotosAndVideo@57536d79]" name="FavExist" duration-ms="19041" started-at="2018-08-10T15:34:34Z" finished-at="2018-08-10T15:34:53Z">
          <reporter-output>
          </reporter-output>
        </test-method> <!-- FavExist -->
        <test-method status="PASS" signature="AppState()[pri:0, instance:testcases.PhotosAndVideo@57536d79]" name="AppState" is-config="true" duration-ms="32292" started-at="2018-08-10T15:34:53Z" finished-at="2018-08-10T15:35:25Z">
          <reporter-output>
          </reporter-output>
        </test-method> <!-- AppState -->
        <test-method status="PASS" signature="PhotoVidFav()[pri:0, instance:testcases.PhotosAndVideo@57536d79]" name="PhotoVidFav" duration-ms="34801" started-at="2018-08-10T15:35:25Z" finished-at="2018-08-10T15:36:00Z">
          <reporter-output>
          </reporter-output>
        </test-method> <!-- PhotoVidFav -->
        <test-method status="PASS" signature="AppState()[pri:0, instance:testcases.PhotosAndVideo@57536d79]" name="AppState" is-config="true" duration-ms="31282" started-at="2018-08-10T15:36:00Z" finished-at="2018-08-10T15:36:31Z">
          <reporter-output>
          </reporter-output>
        </test-method> <!-- AppState -->
        <test-method status="PASS" signature="ShareCollage()[pri:0, instance:testcases.PhotosAndVideo@57536d79]" name="ShareCollage" duration-ms="42286" started-at="2018-08-10T15:36:31Z" finished-at="2018-08-10T15:37:13Z">
          <reporter-output>
          </reporter-output>
        </test-method> <!-- ShareCollage -->
        <test-method status="PASS" signature="AppState()[pri:0, instance:testcases.PhotosAndVideo@57536d79]" name="AppState" is-config="true" duration-ms="26860" started-at="2018-08-10T15:37:13Z" finished-at="2018-08-10T15:37:40Z">
          <reporter-output>
          </reporter-output>
        </test-method> <!-- AppState -->
        <test-method status="FAIL" signature="SwipeRight()[pri:0, instance:testcases.PhotosAndVideo@57536d79]" name="SwipeRight" duration-ms="165433" started-at="2018-08-10T15:37:40Z" finished-at="2018-08-10T15:40:26Z">
          <exception class="org.openqa.selenium.TimeoutException">
            <message>
              <![CDATA[Expected condition failed: waiting for visibility of element located by By.xpath: //android.widget.Button[@text ='CLOSE'] (tried for 30 second(s) with 500 milliseconds interval)]]>
            </message>
            <full-stacktrace>
              <![CDATA[org.openqa.selenium.TimeoutException: Expected condition failed: waiting for visibility of element located by By.xpath: //android.widget.Button[@text ='CLOSE'] (tried for 30 second(s) with 500 milliseconds interval)
	at org.openqa.selenium.support.ui.WebDriverWait.timeoutException(WebDriverWait.java:81)
	at org.openqa.selenium.support.ui.FluentWait.until(FluentWait.java:271)
	at objectrepository.CommonMethods.Xpath(CommonMethods.java:61)
	at testcases.PhotosAndVideo.SwipeRight(PhotosAndVideo.java:151)
	at sun.reflect.NativeMethodAccessorImpl.invoke0(Native Method)
	at sun.reflect.NativeMethodAccessorImpl.invoke(NativeMethodAccessorImpl.java:62)
	at sun.reflect.DelegatingMethodAccessorImpl.invoke(DelegatingMethodAccessorImpl.java:43)
	at java.lang.reflect.Method.invoke(Method.java:483)
	at org.testng.internal.MethodInvocationHelper.invokeMethod(MethodInvocationHelper.java:108)
	at org.testng.internal.Invoker.invokeMethod(Invoker.java:669)
	at org.testng.internal.Invoker.invokeTestMethod(Invoker.java:877)
	at org.testng.internal.Invoker.invokeTestMethods(Invoker.java:1201)
	at org.testng.internal.TestMethodWorker.invokeTestMethods(TestMethodWorker.java:125)
	at org.testng.internal.TestMethodWorker.run(TestMethodWorker.java:109)
	at org.testng.TestRunner.privateRun(TestRunner.java:776)
	at org.testng.TestRunner.run(TestRunner.java:634)
	at org.testng.SuiteRunner.runTest(SuiteRunner.java:425)
	at org.testng.SuiteRunner.runSequentially(SuiteRunner.java:420)
	at org.testng.SuiteRunner.privateRun(SuiteRunner.java:385)
	at org.testng.SuiteRunner.run(SuiteRunner.java:334)
	at org.testng.SuiteRunnerWorker.runSuite(SuiteRunnerWorker.java:52)
	at org.testng.SuiteRunnerWorker.run(SuiteRunnerWorker.java:86)
	at org.testng.TestNG.runSuitesSequentially(TestNG.java:1318)
	at org.testng.TestNG.runSuitesLocally(TestNG.java:1243)
	at org.testng.TestNG.runSuites(TestNG.java:1161)
	at org.testng.TestNG.run(TestNG.java:1129)
	at org.testng.remote.AbstractRemoteTestNG.run(AbstractRemoteTestNG.java:114)
	at org.testng.remote.RemoteTestNG.initAndRun(RemoteTestNG.java:251)
	at org.testng.remote.RemoteTestNG.main(RemoteTestNG.java:77)
Caused by: org.openqa.selenium.NoSuchElementException: Cannot locate an element using By.xpath: //android.widget.Button[@text ='CLOSE']
For documentation on this error, please visit: http://seleniumhq.org/exceptions/no_such_element.html
Build info: version: '3.13.0', revision: '2f0d292', time: '2018-06-25T15:24:21.231Z'
System info: host: 'IEC02N926BG3QT', ip: 'fe80:0:0:0:1480:349:de4a:f301%en0', os.name: 'Mac OS X', os.arch: 'x86_64', os.version: '10.13.1', java.version: '1.8.0_25'
Driver info: driver.version: unknown
	at org.openqa.selenium.support.ui.ExpectedConditions.lambda$findElement$0(ExpectedConditions.java:896)
	at org.openqa.selenium.support.ui.ExpectedConditions$$Lambda$209/1222768327.get(Unknown Source)
	at java.util.Optional.orElseThrow(Optional.java:290)
	at org.openqa.selenium.support.ui.ExpectedConditions.findElement(ExpectedConditions.java:895)
	at org.openqa.selenium.support.ui.ExpectedConditions.access$000(ExpectedConditions.java:44)
	at org.openqa.selenium.support.ui.ExpectedConditions$7.apply(ExpectedConditions.java:206)
	at org.openqa.selenium.support.ui.ExpectedConditions$7.apply(ExpectedConditions.java:202)
	at org.openqa.selenium.support.ui.FluentWait.until(FluentWait.java:248)
	... 27 more
]]>
            </full-stacktrace>
          </exception> <!-- org.openqa.selenium.TimeoutException -->
          <reporter-output>
          </reporter-output>
        </test-method> <!-- SwipeRight -->
        <test-method status="PASS" signature="AppState()[pri:0, instance:testcases.PhotosAndVideo@57536d79]" name="AppState" is-config="true" duration-ms="30428" started-at="2018-08-10T15:40:26Z" finished-at="2018-08-10T15:40:56Z">
          <reporter-output>
          </reporter-output>
        </test-method> <!-- AppState -->
        <test-method status="PASS" signature="DeleteAlbum()[pri:0, instance:testcases.PhotosAndVideo@57536d79]" name="DeleteAlbum" duration-ms="17522" started-at="2018-08-10T15:40:56Z" depends-on-methods="testcases.PhotosAndVideo.CreateAlbums" finished-at="2018-08-10T15:41:14Z">
          <reporter-output>
          </reporter-output>
        </test-method> <!-- DeleteAlbum -->
      </class> <!-- testcases.PhotosAndVideo -->
    </test> <!-- Default test -->
  </suite> <!-- Default suite -->
</testng-results>
